<?xml version="1.0" encoding="UTF-8"?>
<!-- Generated by org.testng.reporters.JUnitXMLReporter -->
<testsuite ignored="0" hostname="LAPTOP-RQ5ADVUS" failures="0" tests="6" name="Default test" time="4.211" errors="0" timestamp="2023-12-09T14:46:35 EET">
  <testcase classname="almosaferWeb.myTestCases" name="currencyTest" time="0.092"/>
  <testcase classname="almosaferWeb.myTestCases" name="defaultLanguage" time="0.081"/>
  <testcase classname="almosaferWeb.myTestCases" name="hotelsTabIsNotSelected" time="0.194"/>
  <testcase classname="almosaferWeb.myTestCases" name="numberTest" time="0.029"/>
  <testcase classname="almosaferWeb.myTestCases" name="qitafLogoTest" time="0.03"/>
  <testcase classname="almosaferWeb.myTestCases" name="testTheFlightDepartureAndReturnDate" time="0.1"/>
</testsuite> <!-- Default test -->
