<?xml version="1.0" encoding="UTF-8"?>
<!-- Generated by org.testng.reporters.JUnitXMLReporter -->
<testsuite ignored="6" hostname="LAPTOP-RQ5ADVUS" failures="0" tests="1" name="Default test" time="9.431" errors="0" timestamp="2023-12-13T02:19:20 EET">
  <testcase classname="almosaferWeb.myTestCases" name="changeLanguageTest" time="5.949"/>
  <testcase classname="almosaferWeb.myTestCases" name="hotelsTabIsNotSelected" time="0.0">
    <ignored/>
  </testcase> <!-- hotelsTabIsNotSelected -->
  <testcase classname="almosaferWeb.myTestCases" name="currencyTest" time="0.0">
    <ignored/>
  </testcase> <!-- currencyTest -->
  <testcase classname="almosaferWeb.myTestCases" name="qitafLogoTest" time="0.0">
    <ignored/>
  </testcase> <!-- qitafLogoTest -->
  <testcase classname="almosaferWeb.myTestCases" name="defaultLanguage" time="0.0">
    <ignored/>
  </testcase> <!-- defaultLanguage -->
  <testcase classname="almosaferWeb.myTestCases" name="testTheFlightDepartureAndReturnDate" time="0.0">
    <ignored/>
  </testcase> <!-- testTheFlightDepartureAndReturnDate -->
  <testcase classname="almosaferWeb.myTestCases" name="numberTest" time="0.0">
    <ignored/>
  </testcase> <!-- numberTest -->
</testsuite> <!-- Default test -->
