<?xml version="1.0" encoding="UTF-8"?>
<testng-results ignored="6" total="7" passed="1" failed="0" skipped="0">
  <reporter-output>
  </reporter-output>
  <suite started-at="2023-12-13T02:19:11 EET" name="Default suite" finished-at="2023-12-13T02:19:20 EET" duration-ms="9431">
    <groups>
    </groups>
    <test started-at="2023-12-13T02:19:11 EET" name="Default test" finished-at="2023-12-13T02:19:20 EET" duration-ms="9431">
      <class name="almosaferWeb.myTestCases">
        <test-method is-config="true" signature="setup()[pri:0, instance:almosaferWeb.myTestCases@4d098f9b]" started-at="2023-12-13T02:19:11 EET" name="setup" finished-at="2023-12-13T02:19:14 EET" duration-ms="3451" status="PASS">
          <reporter-output>
          </reporter-output>
        </test-method> <!-- setup -->
        <test-method signature="changeLanguageTest()[pri:0, instance:almosaferWeb.myTestCases@4d098f9b]" started-at="2023-12-13T02:19:14 EET" name="changeLanguageTest" finished-at="2023-12-13T02:19:20 EET" duration-ms="5949" status="PASS">
          <reporter-output>
          </reporter-output>
        </test-method> <!-- changeLanguageTest -->
        <test-method is-config="true" signature="postTest()[pri:0, instance:almosaferWeb.myTestCases@4d098f9b]" started-at="2023-12-13T02:19:20 EET" name="postTest" finished-at="2023-12-13T02:19:20 EET" duration-ms="0" status="PASS">
          <reporter-output>
          </reporter-output>
        </test-method> <!-- postTest -->
      </class> <!-- almosaferWeb.myTestCases -->
    </test> <!-- Default test -->
  </suite> <!-- Default suite -->
</testng-results>
