<?xml version="1.0" encoding="UTF-8"?>
<testng-results ignored="0" total="6" passed="6" failed="0" skipped="0">
  <reporter-output>
  </reporter-output>
  <suite started-at="2023-12-09T14:46:31 EET" name="Default suite" finished-at="2023-12-09T14:46:35 EET" duration-ms="4211">
    <groups>
    </groups>
    <test started-at="2023-12-09T14:46:31 EET" name="Default test" finished-at="2023-12-09T14:46:35 EET" duration-ms="4211">
      <class name="almosaferWeb.myTestCases">
        <test-method is-config="true" signature="setUp()[pri:0, instance:almosaferWeb.myTestCases@553f1d75]" started-at="2023-12-09T14:46:31 EET" name="setUp" finished-at="2023-12-09T14:46:35 EET" duration-ms="3631" status="PASS">
          <reporter-output>
          </reporter-output>
        </test-method> <!-- setUp -->
        <test-method signature="currencyTest()[pri:0, instance:almosaferWeb.myTestCases@553f1d75]" started-at="2023-12-09T14:46:35 EET" name="currencyTest" finished-at="2023-12-09T14:46:35 EET" duration-ms="92" status="PASS">
          <reporter-output>
          </reporter-output>
        </test-method> <!-- currencyTest -->
        <test-method signature="defaultLanguage()[pri:0, instance:almosaferWeb.myTestCases@553f1d75]" started-at="2023-12-09T14:46:35 EET" name="defaultLanguage" finished-at="2023-12-09T14:46:35 EET" duration-ms="81" status="PASS">
          <reporter-output>
          </reporter-output>
        </test-method> <!-- defaultLanguage -->
        <test-method signature="hotelsTabIsNotSelected()[pri:0, instance:almosaferWeb.myTestCases@553f1d75]" started-at="2023-12-09T14:46:35 EET" name="hotelsTabIsNotSelected" finished-at="2023-12-09T14:46:35 EET" duration-ms="194" status="PASS">
          <reporter-output>
          </reporter-output>
        </test-method> <!-- hotelsTabIsNotSelected -->
        <test-method signature="numberTest()[pri:0, instance:almosaferWeb.myTestCases@553f1d75]" started-at="2023-12-09T14:46:35 EET" name="numberTest" finished-at="2023-12-09T14:46:35 EET" duration-ms="29" status="PASS">
          <reporter-output>
          </reporter-output>
        </test-method> <!-- numberTest -->
        <test-method signature="qitafLogoTest()[pri:0, instance:almosaferWeb.myTestCases@553f1d75]" started-at="2023-12-09T14:46:35 EET" name="qitafLogoTest" finished-at="2023-12-09T14:46:35 EET" duration-ms="30" status="PASS">
          <reporter-output>
          </reporter-output>
        </test-method> <!-- qitafLogoTest -->
        <test-method signature="testTheFlightDepartureAndReturnDate()[pri:0, instance:almosaferWeb.myTestCases@553f1d75]" started-at="2023-12-09T14:46:35 EET" name="testTheFlightDepartureAndReturnDate" finished-at="2023-12-09T14:46:35 EET" duration-ms="100" status="PASS">
          <reporter-output>
          </reporter-output>
        </test-method> <!-- testTheFlightDepartureAndReturnDate -->
        <test-method is-config="true" signature="postTest()[pri:0, instance:almosaferWeb.myTestCases@553f1d75]" started-at="2023-12-09T14:46:35 EET" name="postTest" finished-at="2023-12-09T14:46:35 EET" duration-ms="0" status="PASS">
          <reporter-output>
          </reporter-output>
        </test-method> <!-- postTest -->
      </class> <!-- almosaferWeb.myTestCases -->
    </test> <!-- Default test -->
  </suite> <!-- Default suite -->
</testng-results>
